<?xml version="1.0" encoding="UTF-8"?>
<!-- Generated by org.testng.reporters.JUnitReportReporter -->
<testsuite hostname="DESKTOP-UUPIJUK" failures="0" tests="4" name="com.nextsoft.testcom.user.CreateAccountTest" time="32.746" errors="0" timestamp="2022-06-16T22:19:19 WIB" skipped="3">
  <testcase classname="com.nextsoft.testcom.user.CreateAccountTest" name="testElement" time="32.746"/>
  <system-out/>
  <testcase classname="com.nextsoft.testcom.user.CreateAccountTest" name="cekEmailErrorEmpby">
    <skipped/>
  </testcase> <!-- cekEmailErrorEmpby -->
  <system-out/>
  <testcase classname="com.nextsoft.testcom.user.CreateAccountTest" name="cekEmailErrorInvalid">
    <skipped/>
  </testcase> <!-- cekEmailErrorInvalid -->
  <system-out/>
  <testcase classname="com.nextsoft.testcom.user.CreateAccountTest" name="createAccountValidEmail">
    <skipped/>
  </testcase> <!-- createAccountValidEmail -->
  <system-out/>
</testsuite> <!-- com.nextsoft.testcom.user.CreateAccountTest -->
